<?xml version="1.0" encoding="UTF-8"?>
<testng-results ignored="0" total="1" passed="1" failed="0" skipped="0">
  <reporter-output>
  </reporter-output>
  <suite started-at="2026-05-12T13:38:20 IST" name="Suite" finished-at="2026-05-12T13:38:20 IST" duration-ms="90">
    <groups>
    </groups>
    <test started-at="2026-05-12T13:38:20 IST" name="Test" finished-at="2026-05-12T13:38:20 IST" duration-ms="90">
      <class name="simple.SimplePro.MyClass">
        <test-method signature="hello()[pri:0, instance:simple.SimplePro.MyClass@36c88a32]" started-at="2026-05-12T13:38:20 IST" name="hello" finished-at="2026-05-12T13:38:20 IST" duration-ms="9" status="PASS">
          <reporter-output>
          </reporter-output>
        </test-method> <!-- hello -->
      </class> <!-- simple.SimplePro.MyClass -->
    </test> <!-- Test -->
  </suite> <!-- Suite -->
</testng-results>
